+-------+-------------+-------------+-------------+
|       |     Acc+    |     Lbs-    |     Mpg+    |
+-------+-------------+-------------+-------------+
|  all  |    23.5     |   2254      |    20       |
| sway1 | 15.97222222 | 2115.944444 | 33.33333333 |
| sway2 |    16.445   |   2468.85   |     29.5    |
| sway3 | 16.24736842 |    2705.9   |     26.5    |
| sway4 |    15.07    |   3727.35   |     17.5    |
| sway5 |    15.48    |   2510.25   |      29     |
| sway6 |    16.365   |    2230.9   |     32.5    |
| xpln1 |     17.5    |     2375    |      30     |
| xpln2 |      14     |     2246    |      30     |
| xpln3 |     22.2    |     2035    |      30     |
| xpln4 |     13.5    |     2330    |      20     |
| xpln5 |     13.5    |     2330    |      20     |
| xpln6 |     18.3    |     2635    |      30     |
|  top  |     16.4    |     2019    |      40     |
+-------+-------------+-------------+-------------+

+----------------+------+-------+------+
|                | Acc+ | Lbs-  | Mpg+ |
+----------------+------+-------+------+
|   all to all   |  =   |   =   |  =   |
|  all to sway1  |  ≠   |   ≠   |  ≠   |
| sway1 to sway2 |  ≠   |   ≠   |  ≠   |
| sway1 to sway3 |  ≠   |   ≠   |  ≠   |
| sway1 to sway4 |  ≠   |   ≠   |  ≠   |
| sway1 to sway5 |  ≠   |   ≠   |  ≠   |
| sway1 to sway6 |  ≠   |   ≠   |  ≠   |
| sway1 to xpln1 |  ≠   |   ≠   |  ≠   |
| sway2 to xpln2 |  ≠   |   ≠   |  ≠   |
| sway3 to xpln3 |  ≠   |   ≠   |  ≠   |
| sway4 to xpln4 |  ≠   |   ≠   |  ≠   |
| sway5 to xpln5 |  ≠   |   ≠   |  ≠   |
| sway6 to xpln6 |  ≠   |   ≠   |  ≠   |
|  sway1 to top  |  ≠   |   ≠   |  ≠   |
+----------------+------+-------+------+

