+-------+----------+--------+-------------+---------+
|       | CityMPG+ | Class- | HighwayMPG+ | Weight- |
+-------+----------+--------+-------------+---------+
|  all  |    20    |  13.9  |      27     |   2885  |
| sway1 |   34.3   | 10.075 |     39.3    | 2122.25 |
| sway2 |   29.4   | 13.885 |     35.3    |   2513  |
| sway3 |  22.15   | 17.915 |    29.75    |   3012  |
| sway4 |   21.8   | 18.535 |    28.35    | 3066.75 |
| sway5 |   29.7   | 14.045 |    35.55    | 2526.75 |
| sway6 |   28.1   | 12.985 |     33.5    | 2447.25 |
| xpln1 |    29    |  8.3   |      37     |   2325  |
| xpln2 |    29    |  12.2  |      33     |   2295  |
| xpln3 |    20    |  31.9  |      29     |   2920  |
| xpln4 |    29    |  12.2  |      33     |   2295  |
| xpln5 |    33    |  8.4   |      37     |   2045  |
| xpln6 |    29    |  8.3   |      37     |   2325  |
|  top  |    30    |  12.5  |      36     |   2475  |
+-------+----------+--------+-------------+---------+

+----------------+----------+--------+-------------+---------+
|                | CityMPG+ | Class- | HighwayMPG+ | Weight- |
+----------------+----------+--------+-------------+---------+
|   all to all   |    =     |   =    |      =      |    =    |
|  all to sway1  |    ≠     |   ≠    |      ≠      |    ≠    |
| sway1 to sway2 |    ≠     |   ≠    |      ≠      |    ≠    |
| sway1 to sway3 |    ≠     |   ≠    |      ≠      |    ≠    |
| sway1 to sway4 |    ≠     |   ≠    |      ≠      |    ≠    |
| sway1 to sway5 |    ≠     |   ≠    |      ≠      |    ≠    |
| sway1 to sway6 |    ≠     |   ≠    |      ≠      |    ≠    |
| sway1 to xpln1 |    ≠     |   ≠    |      ≠      |    ≠    |
| sway2 to xpln2 |    ≠     |   ≠    |      ≠      |    ≠    |
| sway3 to xpln3 |    ≠     |   ≠    |      ≠      |    ≠    |
| sway4 to xpln4 |    ≠     |   ≠    |      ≠      |    ≠    |
| sway5 to xpln5 |    ≠     |   ≠    |      ≠      |    ≠    |
| sway6 to xpln6 |    ≠     |   ≠    |      ≠      |    ≠    |
|  sway1 to top  |    ≠     |   ≠    |      ≠      |    ≠    |
+----------------+----------+--------+-------------+---------+
