+-------+-------+----------+---------+-------+-------+
|       | AEXP- | EFFORT-  |   LOC+  | PLEX- | RISK- |
+-------+-------+----------+---------+-------+-------+
|  all  |   5   |  50725   |   926   |   4   |   11  |
| sway1 |  2.7  | 17514.1  |  914.45 |  2.9  |  3.45 |
| sway2 |  3.15 | 20761.95 | 1044.55 |  2.95 |  2.9  |
| sway3 |  3.3  | 21575.35 |  887.45 |  3.35 |  8.1  |
| sway4 |  2.7  | 26368.05 |  1076.1 |  3.05 |  4.1  |
| sway5 |  2.6  | 29706.65 | 1018.85 |  2.95 |  7.5  |
| sway6 |  3.45 | 27717.3  |  1229.9 |  2.65 |  5.2  |
| xpln1 |   3   |  25334   |   1345  |   3   |   1   |
| xpln2 |   3   |  35516   |   1970  |   4   |   18  |
| xpln3 |   5   |  60885   |   1504  |   2   |   6   |
| xpln4 |   3   |  25334   |   1345  |   3   |   1   |
| xpln5 |   5   |  37716   |   1587  |   3   |   4   |
| xpln6 |   3   |  35516   |   1970  |   4   |   18  |
|  top  |   2   |  19643   |   1178  |   3   |   0   |
+-------+-------+----------+---------+-------+-------+

+----------------+-------+---------+------+-------+-------+
|                | AEXP- | EFFORT- | LOC+ | PLEX- | RISK- |
+----------------+-------+---------+------+-------+-------+
|   all to all   |   =   |    =    |  =   |   =   |   =   |
|  all to sway1  |   ≠   |    ≠    |  ≠   |   ≠   |   ≠   |
| sway1 to sway2 |   ≠   |    ≠    |  ≠   |   ≠   |   ≠   |
| sway1 to sway3 |   ≠   |    ≠    |  ≠   |   ≠   |   ≠   |
| sway1 to sway4 |   ≠   |    ≠    |  ≠   |   ≠   |   ≠   |
| sway1 to sway5 |   ≠   |    ≠    |  ≠   |   ≠   |   ≠   |
| sway1 to sway6 |   ≠   |    ≠    |  ≠   |   ≠   |   ≠   |
| sway1 to xpln1 |   ≠   |    ≠    |  ≠   |   ≠   |   ≠   |
| sway2 to xpln2 |   ≠   |    ≠    |  ≠   |   ≠   |   ≠   |
| sway3 to xpln3 |   ≠   |    ≠    |  ≠   |   ≠   |   ≠   |
| sway4 to xpln4 |   ≠   |    ≠    |  ≠   |   ≠   |   ≠   |
| sway5 to xpln5 |   ≠   |    ≠    |  ≠   |   ≠   |   ≠   |
| sway6 to xpln6 |   ≠   |    ≠    |  ≠   |   ≠   |   ≠   |
|  sway1 to top  |   ≠   |    ≠    |  ≠   |   ≠   |   ≠   |
+----------------+-------+---------+------+-------+-------+

+----------------+-------+---------+------+-------+-------+
|                | AEXP- | EFFORT- | LOC+ | PLEX- | RISK- |
+----------------+-------+---------+------+-------+-------+
|   all to all   |   =   |    =    |  =   |   =   |   =   |
|  all to sway1  |   ≠   |    ≠    |  ≠   |   ≠   |   ≠   |
| sway1 to sway2 |   ≠   |    ≠    |  ≠   |   ≠   |   ≠   |
| sway1 to sway3 |   ≠   |    ≠    |  ≠   |   ≠   |   ≠   |
| sway1 to sway4 |   ≠   |    ≠    |  ≠   |   ≠   |   ≠   |
| sway1 to sway5 |   ≠   |    ≠    |  ≠   |   ≠   |   ≠   |
| sway1 to sway6 |   ≠   |    ≠    |  ≠   |   ≠   |   ≠   |
| sway1 to xpln1 |   ≠   |    ≠    |  ≠   |   ≠   |   ≠   |
| sway2 to xpln2 |   ≠   |    ≠    |  ≠   |   ≠   |   ≠   |
| sway3 to xpln3 |   ≠   |    ≠    |  ≠   |   ≠   |   ≠   |
| sway4 to xpln4 |   ≠   |    ≠    |  ≠   |   ≠   |   ≠   |
| sway5 to xpln5 |   ≠   |    ≠    |  ≠   |   ≠   |   ≠   |
| sway6 to xpln6 |   ≠   |    ≠    |  ≠   |   ≠   |   ≠   |
|  sway1 to top  |   ≠   |    ≠    |  ≠   |   ≠   |   ≠   |
+----------------+-------+---------+------+-------+-------+
