+-------+----------+---------+-------+
|       | Effort-  |   Loc+  | Risk- |
+-------+----------+---------+-------+
|  all  |  27712   |   1123  |   7   |
| sway1 | 17580.65 | 1075.05 |  5.3  |
| sway2 | 24432.75 |  937.3  |  6.45 |
| sway3 | 18299.9  |  921.25 |  8.05 |
| sway4 | 21547.4  |  1091.6 |  5.7  |
| sway5 | 28506.4  |  991.7  |  6.4  |
| sway6 | 23425.35 |  699.1  |   7   |
| xpln1 |   8960   |   673   |   2   |
| xpln2 |   4396   |   1439  |   0   |
| xpln3 |  37072   |   1091  |   1   |
| xpln4 |  58268   |   1938  |   1   |
| xpln5 |  21835   |   1711  |   0   |
| xpln6 |  27869   |   1173  |   13  |
|  top  |  46659   |   1917  |   1   |
+-------+----------+---------+-------+

+----------------+---------+------+-------+
|                | Effort- | Loc+ | Risk- |
+----------------+---------+------+-------+
|   all to all   |    =    |  =   |   =   |
|  all to sway1  |    ≠    |  ≠   |   ≠   |
| sway1 to sway2 |    ≠    |  ≠   |   ≠   |
| sway1 to sway3 |    ≠    |  ≠   |   ≠   |
| sway1 to sway4 |    ≠    |  ≠   |   ≠   |
| sway1 to sway5 |    ≠    |  ≠   |   ≠   |
| sway1 to sway6 |    ≠    |  ≠   |   ≠   |
| sway1 to xpln1 |    ≠    |  ≠   |   ≠   |
| sway2 to xpln2 |    ≠    |  ≠   |   ≠   |
| sway3 to xpln3 |    ≠    |  ≠   |   ≠   |
| sway4 to xpln4 |    ≠    |  ≠   |   ≠   |
| sway5 to xpln5 |    ≠    |  ≠   |   ≠   |
| sway6 to xpln6 |    ≠    |  ≠   |   ≠   |
|  sway1 to top  |    ≠    |  ≠   |   ≠   |
+----------------+---------+------+-------+
