+-------+--------+---------+---------+
|       |  ACC+  |   MRE-  | PRED40+ |
+-------+--------+---------+---------+
|  all  | 0.4185 | 98.5525 |  36.875 |
| sway1 | 7.6215 | 74.2785 |   17.5  |
| sway2 | 7.8805 | 73.1015 |    20   |
| sway3 | 5.0245 |  82.517 |    25   |
| sway4 |  4.22  | 85.3155 |  23.125 |
| sway5 | 6.586  | 77.0955 |  21.875 |
| sway6 | 7.1875 |  75.056 |  15.625 |
| xpln1 |  7.19  |  74.84  |    25   |
| xpln2 |  7.51  |   73.8  |    25   |
| xpln3 |  7.34  |  74.36  |    25   |
| xpln4 |  9.99  |  70.38  |    25   |
| xpln5 |  9.99  |  70.38  |    25   |
| xpln6 |  7.51  |   73.8  |    25   |
|  top  | 13.26  |  73.13  |    25   |
+-------+--------+---------+---------+

+----------------+------+-------+---------+
|                | ACC+ |  MRE- | PRED40+ |
+----------------+------+-------+---------+
|   all to all   |  =   |   =   |    =    |
|  all to sway1  |  ≠   |   ≠   |    ≠    |
| sway1 to sway2 |  ≠   |   ≠   |    ≠    |
| sway1 to sway3 |  ≠   |   ≠   |    ≠    |
| sway1 to sway4 |  ≠   |   ≠   |    ≠    |
| sway1 to sway5 |  ≠   |   ≠   |    ≠    |
| sway1 to sway6 |  ≠   |   ≠   |    ≠    |
| sway1 to xpln1 |  ≠   |   ≠   |    ≠    |
| sway2 to xpln2 |  ≠   |   ≠   |    ≠    |
| sway3 to xpln3 |  ≠   |   ≠   |    ≠    |
| sway4 to xpln4 |  ≠   |   ≠   |    ≠    |
| sway5 to xpln5 |  ≠   |   ≠   |    ≠    |
| sway6 to xpln6 |  ≠   |   ≠   |    ≠    |
|  sway1 to top  |  ≠   |   ≠   |    ≠    |
+----------------+------+-------+---------+