+-------+--------+---------+----------+
|       |  ACC+  |   MRE-  |  PRED40+ |
+-------+--------+---------+----------+
|  all  | -2.239 | 102.6025 |    0    |
| sway1 | -0.61  | 30.7565  |  58.331 |
| sway2 | -2.065 |   43    |  49.998  |
| sway3 |  -6.7  |   65.8  | 37.4985  |
| sway4 | -7.335 |   86.8  | 20.8325  |
| sway5 | -4.295 |  62.75  |  38.332  |
| sway6 |   -1   |   36.3  | 54.1645  |
| xpln1 | -0.52  |  100.53 |    0     |
| xpln2 | -0.52  |  100.53 |    0     |
| xpln3 |   0    |    0    |  83.33   |
| xpln4 | -0.52  |  100.53 |    0     |
| xpln5 | -0.52  |  100.53 |    0     |
| xpln6 | -0.52  |  100.53 |    0     |
|  top  |   0    |    0    |  133.36  |
+-------+--------+---------+----------+

+----------------+------+-------+---------+
|                | ACC+ |  MRE- | PRED40+ |
+----------------+------+-------+---------+
|   all to all   |  =   |   =   |    =    |
|  all to sway1  |  ≠   |   ≠   |    ≠    |
| sway1 to sway2 |  ≠   |   ≠   |    ≠    |
| sway1 to sway3 |  ≠   |   ≠   |    ≠    |
| sway1 to sway4 |  ≠   |   ≠   |    ≠    |
| sway1 to sway5 |  ≠   |   ≠   |    ≠    |
| sway1 to sway6 |  ≠   |   ≠   |    ≠    |
| sway1 to xpln1 |  ≠   |   ≠   |    ≠    |
| sway2 to xpln2 |  ≠   |   ≠   |    ≠    |
| sway3 to xpln3 |  ≠   |   ≠   |    ≠    |
| sway4 to xpln4 |  ≠   |   ≠   |    ≠    |
| sway5 to xpln5 |  ≠   |   ≠   |    ≠    |
| sway6 to xpln6 |  ≠   |   ≠   |    ≠    |
|  sway1 to top  |  ≠   |   ≠   |    ≠    |
+----------------+------+-------+---------+