|      | Defects- |  Effort- | Kloc+ | Months- |
|------|----------|----------|-------|---------|
| all  | 5092.0   | 420.0    | 190.0 | 30.3    |
| sway1| 1481.15  | 195.27   | 45.865| 16.89   |
| sway2| 2106.1   | 186.65   | 55.485| 19.245  |
| sway3| 3705.95  | 681.01   | 115.22| 26.98   |
| sway4| 2816.65  | 584.05   | 95.395| 24.245  |
| sway5| 1234.7   | 477.57   | 31.49 | 14.62   |
| sway6| 2870.1   | 349.78   | 104.93|24.095   |
| xpln1| 2077     | 352.8    | 66.6  | 21      |
| xpln2| 470      | 48       | 15    | 13.6    |
| xpln3| 324      | 50       | 10.4  | 11.2    |
| xpln4| 2007     | 252      | 47.5  | 22.3    |
| xpln5| 765      | 70       | 15.4  | 14.5    |
| xpln6| 2077     | 352.8    | 66.6  | 21      |
| top  | 231      | 38       | 9.42  | 11.01   |
+------+----------+----------+-------+---------+

+----------------+----------+--------+-------------+---------+
|                | Defects- | Effort-| Kloc+       | Months- |
+----------------+----------+--------+-------------+---------+
|   all to all   |    =     |   =    |      =      |    =    |
|  all to sway1  |    ≠     |   ≠    |      ≠      |    ≠    |
| sway1 to sway2 |    ≠     |   ≠    |      ≠      |    ≠    |
| sway1 to sway3 |    ≠     |   ≠    |      ≠      |    ≠    |
| sway1 to sway4 |    ≠     |   ≠    |      ≠      |    ≠    |
| sway1 to sway5 |    ≠     |   ≠    |      ≠      |    ≠    |
| sway1 to sway6 |    ≠     |   ≠    |      ≠      |    ≠    |
| sway1 to xpln1 |    ≠     |   ≠    |      ≠      |    ≠    |
| sway2 to xpln2 |    ≠     |   ≠    |      ≠      |    ≠    |
| sway3 to xpln3 |    ≠     |   ≠    |      ≠      |    ≠    |
| sway4 to xpln4 |    ≠     |   ≠    |      ≠      |    ≠    |
| sway5 to xpln5 |    ≠     |   ≠    |      ≠      |    ≠    |
| sway6 to xpln6 |    ≠     |   ≠    |      ≠      |    ≠    |
|  sway1 to top  |    ≠     |   ≠    |      ≠      |    ≠    |
+----------------+----------+--------+-------------+---------+