+-------+-------------+----------+--------+
|       | Completion+ |  Cost-   | Idle-  |
+-------+-------------+----------+--------+
|  all  |     0.75    |  310.4   |   0    |
| sway1 |    0.908    | 181.774  | 0.2935 |
| sway2 |    6.7005   | 202.419  | 2.112  |
| sway3 |    2.2075   | 245.4075 | 0.682  |
| sway4 |    3.709    | 236.0105 | 1.174  |
| sway5 |    3.718    | 226.9675 | 1.198  |
| sway6 |    3.109    | 208.4025 | 0.974  |
| xpln1 |      1      |  189.79  |  0.43  |
| xpln2 |     0.88    |  177.85  |  0.56  |
| xpln3 |      1      |  193.72  |  0.29  |
| xpln4 |     0.94    |  181.45  |  0.19  |
| xpln5 |     0.89    |  131.02  |  0.06  |
| xpln6 |     0.9     |  432.69  |  0.09  |
|  top  |     0.87    |  201.33  |   0    |
+-------+-------------+----------+--------+

+----------------+--------------+-------+-------+
|                | Completion+ |  Cost- | Idle- |
+----------------+--------------+-------+-------+
|   all to all   |      =      |    =   |   =   |
|  all to sway1  |      ≠      |    ≠   |    ≠  |
| sway1 to sway2 |      ≠      |    ≠   |    ≠  |
| sway1 to sway3 |      ≠      |    ≠   |    ≠  |
| sway1 to sway4 |      ≠      |    ≠   |    ≠  |
| sway1 to sway5 |      ≠      |    ≠   |    ≠  |
| sway1 to sway6 |      ≠      |    ≠   |    ≠  |
| sway1 to xpln1 |      ≠      |    ≠   |    ≠  |
| sway2 to xpln2 |      ≠      |    ≠   |    ≠  |
| sway3 to xpln3 |      ≠      |    ≠   |    ≠  |
| sway4 to xpln4 |      ≠      |    ≠   |    ≠  |
| sway5 to xpln5 |      ≠      |    ≠   |    ≠  |
| sway6 to xpln6 |      ≠      |    ≠   |    ≠  |
|  sway1 to top  |      ≠      |    ≠   |    ≠  |
+----------------+--------------+-------+-------+