+-------+-------------------+-----------------+
|       | NumberIterations- | TimeToSolution- |
+-------+-------------------+-----------------+
|  all  |         4         |      77.04      |
| sway1 |        5.05       |     113.2315    |
| sway2 |       4.669       |      49.546     |
| sway3 |       3.699       |     46.6405     |
| sway4 |       5.0505      |     42.8875     |
| sway5 |       4.3905      |     35.9015     |
| sway6 |       6.815       |     111.748     |
| xpln1 |         4         |      88.17      |
| xpln2 |        1.95       |      22.97      |
| xpln3 |        0.58       |       8.46      |
| xpln4 |        5.07       |      36.27      |
| xpln5 |        1.02       |       14.5      |
| xpln6 |        1.87       |      28.16      |
|  top  |         4         |      57.16      |
+-------+-------------------+-----------------+

+----------------+------------------+------------------+
|                | NumberIterations- | TimeToSolution-  |
+----------------+------------------+------------------+
|   all to all   |        =         |        =         |
|  all to sway1  |        ≠         |        ≠         |
| sway1 to sway2 |        ≠         |        ≠         |
| sway1 to sway3 |        ≠         |        ≠         |
| sway1 to sway4 |        ≠         |        ≠         |
| sway1 to sway5 |        ≠         |        ≠         |
| sway1 to sway6 |        ≠         |        ≠         |
| sway1 to xpln1 |        ≠         |        ≠         |
| sway2 to xpln2 |        ≠         |        ≠         |
| sway3 to xpln3 |        ≠         |        ≠         |
| sway4 to xpln4 |        ≠         |        ≠         |
| sway5 to xpln5 |        ≠         |        ≠         |
| sway6 to xpln6 |        ≠         |        ≠         |
| sway1 to top   |        ≠         |        ≠         |
+----------------+------------------+------------------+
