+-------+----------+--------+
|       | Energy-  | PSNR-  |
+-------+----------+--------+
|  all  |  135.09  |  4.41  |
| sway1 | 1244.333 |  43.3  |
| sway2 | 450.932  | 43.192 |
| sway3 |  219.9   | 17.4555|
| sway4 | 905.1805 | 42.7275|
| sway5 | 201.569  | 43.921 |
| sway6 | 1910.633 | 62.679 |
| xpln1 |  211.64  | 14.96  |
| xpln2 |  139.05  |  7.2   |
| xpln3 |  299.03  |  11.1  |
| xpln4 |  159.88  | 11.24  |
| xpln5 |  156.6   |  5.54  |
| xpln6 |  146.76  | 18.63  |
|  top  |  205.72  | 29.26  |
+-------+----------+--------+

+----------------+------------------+------------------+
|                |      Energy-     |      PSNR-       |
+----------------+------------------+------------------+
|   all to all   |        =         |        =         |
|  all to sway1  |        ≠         |        ≠         |
| sway1 to sway2 |        ≠         |        ≠         |
| sway1 to sway3 |        ≠         |        ≠         |
| sway1 to sway4 |        ≠         |        ≠         |
| sway1 to sway5 |        ≠         |        ≠         |
| sway1 to sway6 |        ≠         |        ≠         |
| sway1 to xpln1 |        ≠         |        ≠         |
| sway2 to xpln2 |        ≠         |        ≠         |
| sway3 to xpln3 |        ≠         |        ≠         |
| sway4 to xpln4 |        ≠         |        ≠         |
| sway5 to xpln5 |        ≠         |        ≠         |
| sway6 to xpln6 |        ≠         |        ≠         |
| sway1 to top   |        ≠         |        ≠         |
+----------------+------------------+------------------+
